Build started 2015-09-11 11:33:08.
     1>Project "C:\Users\Louis\workspace\inf2990-01\Commun\Utilitaire\Utilitaire.vcxproj" on node 2 (Build target(s)).
     1>Lib:
         C:\Program Files (x86)\Microsoft Visual Studio 12.0\VC\bin\x86_amd64\Lib.exe /OUT:"C:\Users\Louis\workspace\inf2990-01\Commun\Utilitaire\x64\Debug\Utilitaire.lib" FreeImage.lib /LIBPATH:..\Externe\FreeImage\lib /NOLOGO /MACHINE:X64 x64\Debug\AideCollision.obj
         x64\Debug\CEcritureFichierBinaire.obj
         x64\Debug\CLectureFichierBinaire.obj
         x64\Debug\CompteurAffichage.obj
         x64\Debug\Droite3D.obj
         x64\Debug\Materiau.obj
         x64\Debug\Mesh.obj
         x64\Debug\Modele3D.obj
         x64\Debug\Noeud.obj
         x64\Debug\AideGL.obj
         x64\Debug\BoiteEnvironnement.obj
         x64\Debug\EtatOpenGL.obj
         x64\Debug\OpenGL_Debug.obj
         x64\Debug\OpenGL_Programme.obj
         x64\Debug\OpenGL_Nuanceur.obj
         x64\Debug\OpenGL_VBO.obj
         x64\Debug\Plan3D.obj
         x64\Debug\Utilitaire.obj
         x64\Debug\Camera.obj
         x64\Debug\Projection.obj
         x64\Debug\ProjectionOrtho.obj
         x64\Debug\Vue.obj
         x64\Debug\VueOrtho.obj
         Utilitaire.vcxproj -> C:\Users\Louis\workspace\inf2990-01\Commun\Utilitaire\x64\Debug\Utilitaire.lib
     1>Done Building Project "C:\Users\Louis\workspace\inf2990-01\Commun\Utilitaire\Utilitaire.vcxproj" (Build target(s)).

Build succeeded.

Time Elapsed 00:00:00.26
