Build started 2015-09-05 19:55:04.
     1>Project "C:\Users\Louis\Downloads\Cadriciel_2015-3_Etudiants\Cadriciel\Sources\DLL\Noyau.vcxproj" on node 2 (Build target(s)).
     1>ClCompile:
         C:\Program Files (x86)\Microsoft Visual Studio 12.0\VC\bin\x86_amd64\CL.exe /c /I../../Commun/Externe/Box2D/include /I../../Commun/Externe/assimp/include /I../../Commun/Externe/cppunit/include /I../../Commun/Externe/FMOD/include /I../../Commun/Externe/FreeImage/include /I../../Commun/Externe/FreeType/include /I../../Commun/Externe/FTGL/include /I../../Commun/Externe/GLEW/include /I../../Commun/Externe/glm/include /I../../Commun/Externe/RapidJSON/include /I../../Commun/Externe/tinyxml2/include /I../../Commun/Utilitaire /I../../Commun/Utilitaire/OpenGL /I../../Commun/Utilitaire/Modele /I../../Commun/Utilitaire/Vue /IApplication /IArbre /IArbre/Noeuds /IArbre/Usines /IConfiguration /IInterface /ITests /Zi /nologo /W3 /WX- /Od /D WIN32 /D GLEW_BUILD /D _DEBUG /D _WINDOWS /D _USRDLL /D INF2990_EXPORTS /D FTGL_LIBRARY_STATIC /D _WINDLL /D _UNICODE /D UNICODE /Gm /EHsc /RTC1 /MDd /GS /fp:precise /Zc:wchar_t /Zc:forScope /Fo"x64\Debug\\" /Fd"x64\Debug\vc120.pdb" /Gd /TP /errorReport:prompt Application\FacadeModele.cpp Arbre\Noeuds\NoeudAraignee.cpp Arbre\Noeuds\NoeudConeCube.cpp Arbre\Noeuds\NoeudRobot.cpp Configuration\ConfigScene.cpp Arbre\ArbreRendu.cpp Arbre\ArbreRenduINF2990.cpp Arbre\Noeuds\NoeudAbstrait.cpp Arbre\Noeuds\NoeudComposite.cpp Interface\FacadeInterfaceNative.cpp Tests\BancTests.cpp Tests\ConfigSceneTest.cpp Tests\NoeudAbstraitTest.cpp
         NoeudAbstraitTest.cpp
         ConfigSceneTest.cpp
         BancTests.cpp
         FacadeInterfaceNative.cpp
         NoeudComposite.cpp
         NoeudAbstrait.cpp
         ArbreRenduINF2990.cpp
         ArbreRendu.cpp
         ConfigScene.cpp
         NoeudRobot.cpp
         NoeudConeCube.cpp
         NoeudAraignee.cpp
         FacadeModele.cpp
         Generating Code...
       Link:
         C:\Program Files (x86)\Microsoft Visual Studio 12.0\VC\bin\x86_amd64\link.exe /ERRORREPORT:PROMPT /OUT:"../../Exe/Noyau.dll" /INCREMENTAL /NOLOGO /LIBPATH:../../Commun/Externe/Box2D/lib /LIBPATH:../../Commun/Externe/assimp/lib /LIBPATH:../../Commun/Externe/cppunit/lib /LIBPATH:../../Commun/Externe/FMOD/lib /LIBPATH:../../Commun/Externe/FreeImage/lib /LIBPATH:../../Commun/Externe/FreeType/lib /LIBPATH:../../Commun/Externe/FTGL/lib /LIBPATH:../../Commun/Externe/GLEW/lib /LIBPATH:../../Commun/Externe/tinyxml2/lib opengl32.lib glu32.lib freetype246_D_x64.lib glew32s.lib tinyxml_D_x64.lib assimp.lib cppunit_D_x64.lib ftgl.lib fmodexL64_vc.lib FreeImage.lib Box2D_D_x64.lib kernel32.lib user32.lib gdi32.lib winspool.lib comdlg32.lib advapi32.lib shell32.lib ole32.lib oleaut32.lib uuid.lib odbc32.lib odbccp32.lib /MANIFEST /MANIFESTUAC:"level='asInvoker' uiAccess='false'" /manifest:embed /DEBUG /PDB:"..\..\Exe\Noyau.pdb" /SUBSYSTEM:WINDOWS /TLBID:1 /DYNAMICBASE:NO /IMPLIB:"..\..\Exe\Noyau.lib" /MACHINE:X64 /NODEFAULTLIB:LIBCMT /DLL x64\Debug\FacadeModele.obj
         x64\Debug\NoeudAraignee.obj
         x64\Debug\NoeudConeCube.obj
         x64\Debug\NoeudRobot.obj
         x64\Debug\ConfigScene.obj
         x64\Debug\ArbreRendu.obj
         x64\Debug\ArbreRenduINF2990.obj
         x64\Debug\NoeudAbstrait.obj
         x64\Debug\NoeudComposite.obj
         x64\Debug\FacadeInterfaceNative.obj
         x64\Debug\BancTests.obj
         x64\Debug\ConfigSceneTest.obj
         x64\Debug\NoeudAbstraitTest.obj
         "C:\Users\Louis\Downloads\Cadriciel_2015-3_Etudiants\Cadriciel\Commun\Utilitaire\x64\Debug\Utilitaire.lib"
            Creating library ..\..\Exe\Noyau.lib and object ..\..\Exe\Noyau.exp
     1>tinyxml_D_x64.lib(tinyxml2.obj) : warning LNK4099: PDB 'vc120.pdb' was not found with 'tinyxml_D_x64.lib(tinyxml2.obj)' or at 'C:\Users\Louis\Downloads\Cadriciel_2015-3_Etudiants\Cadriciel\Exe\vc120.pdb'; linking object as if no debug info
         Noyau.vcxproj -> C:\Users\Louis\Downloads\Cadriciel_2015-3_Etudiants\Cadriciel\Sources\DLL\..\..\Exe\Noyau.dll
     1>Done Building Project "C:\Users\Louis\Downloads\Cadriciel_2015-3_Etudiants\Cadriciel\Sources\DLL\Noyau.vcxproj" (Build target(s)).

Build succeeded.

Time Elapsed 00:00:09.27
